<?xml version="1.0" encoding="UTF-8"?>
<testsuite name="ru.netology.service.CashbackHackServiceTest" tests="1" skipped="0" failures="0" errors="0" timestamp="2022-06-09T11:03:11" hostname="DESKTOP-0FM023T" time="0.048">
  <properties/>
  <testcase name="remain()" classname="ru.netology.service.CashbackHackServiceTest" time="0.048"/>
  <system-out><![CDATA[]]></system-out>
  <system-err><![CDATA[]]></system-err>
</testsuite>
